0 info it worked if it ends with ok
1 verbose cli [ 'node', '/usr/local/bin/npm', 'install', '-g', 'spark' ]
2 info using npm@2.5.1
3 info using node@v0.12.0
4 silly cache add args [ 'spark', null ]
5 verbose cache add spec spark
6 silly cache add parsed spec { raw: 'spark',
6 silly cache add   scope: null,
6 silly cache add   name: 'spark',
6 silly cache add   rawSpec: '',
6 silly cache add   spec: '*',
6 silly cache add   type: 'range' }
7 verbose addNamed spark@*
8 silly addNamed semver.valid null
9 silly addNamed semver.validRange *
10 silly addNameRange { name: 'spark', range: '*', hasData: false }
11 silly mapToRegistry name spark
12 silly mapToRegistry using default registry
13 silly mapToRegistry registry https://registry.npmjs.org/
14 silly mapToRegistry uri https://registry.npmjs.org/spark
15 verbose addNameRange registry:https://registry.npmjs.org/spark not in flight; fetching
16 verbose request uri https://registry.npmjs.org/spark
17 verbose request no auth needed
18 info attempt registry request try #1 at 12:38:53 PM
19 verbose request id 1bfef420c3a84251
20 verbose etag "114VY792VTKLJBMV4RBY2PWCX"
21 http request GET https://registry.npmjs.org/spark
22 http 304 https://registry.npmjs.org/spark
23 silly get cb [ 304,
23 silly get   { date: 'Thu, 05 Mar 2015 17:40:12 GMT',
23 silly get     server: 'Apache',
23 silly get     via: '1.1 varnish',
23 silly get     'last-modified': 'Thu, 05 Mar 2015 17:40:12 GMT',
23 silly get     'cache-control': 'max-age=60',
23 silly get     etag: '"114VY792VTKLJBMV4RBY2PWCX"',
23 silly get     age: '0',
23 silly get     'x-served-by': 'cache-jfk1021-JFK',
23 silly get     'x-cache': 'MISS',
23 silly get     'x-cache-hits': '0',
23 silly get     'x-timer': 'S1425577212.745491,VS0,VE166',
23 silly get     vary: 'Accept',
23 silly get     'content-length': '0',
23 silly get     'keep-alive': 'timeout=10, max=50',
23 silly get     connection: 'Keep-Alive' } ]
24 verbose etag https://registry.npmjs.org/spark from cache
25 verbose get saving spark to /Users/alexandrecarriere/.npm/registry.npmjs.org/spark/.cache.json
26 silly addNameRange number 2 { name: 'spark', range: '*', hasData: true }
27 silly addNameRange versions [ 'spark',
27 silly addNameRange   [ '0.0.1',
27 silly addNameRange     '0.0.2',
27 silly addNameRange     '0.1.2',
27 silly addNameRange     '0.3.0',
27 silly addNameRange     '0.1.0',
27 silly addNameRange     '0.2.0',
27 silly addNameRange     '0.2.1',
27 silly addNameRange     '0.2.2',
27 silly addNameRange     '0.2.3',
27 silly addNameRange     '0.2.4',
27 silly addNameRange     '0.2.5',
27 silly addNameRange     '0.2.6',
27 silly addNameRange     '0.4.0' ] ]
28 verbose addNamed spark@0.4.0
29 silly addNamed semver.valid 0.4.0
30 silly addNamed semver.validRange 0.4.0
31 silly cache afterAdd spark@0.4.0
32 verbose afterAdd /Users/alexandrecarriere/.npm/spark/0.4.0/package/package.json not in flight; writing
33 verbose afterAdd /Users/alexandrecarriere/.npm/spark/0.4.0/package/package.json written
34 silly install resolved [ { author: { name: 'Spark' },
34 silly install resolved     name: 'spark',
34 silly install resolved     filename: 'spark.min.js',
34 silly install resolved     description: 'Official Spark cloud API library.',
34 silly install resolved     version: '0.4.0',
34 silly install resolved     homepage: 'http://spark.io',
34 silly install resolved     bugs: { url: 'https://github.com/spark/sparkjs/issues' },
34 silly install resolved     repository: { type: 'git', url: 'https://github.com/spark/sparkjs' },
34 silly install resolved     engines: { node: '>=0.10.26' },
34 silly install resolved     main: './lib/spark',
34 silly install resolved     dependencies: { request: '>= 2.40.0', when: '>= 3.4.4' },
34 silly install resolved     devDependencies:
34 silly install resolved      { jshint: '>= 2.5.4',
34 silly install resolved        mocha: '1.21.x',
34 silly install resolved        chai: '1.9.x',
34 silly install resolved        'sinon-chai': '2.5.x',
34 silly install resolved        sinon: '1.10.x',
34 silly install resolved        'chai-as-promised': '4.1.x',
34 silly install resolved        istanbul: '0.3.x',
34 silly install resolved        browserify: '5.11.x',
34 silly install resolved        'browser-request': '0.3.x',
34 silly install resolved        jquery: '^2.1.1',
34 silly install resolved        cssify: '0.6.x',
34 silly install resolved        'uglify-js': '2.4.x',
34 silly install resolved        bower: '>=1.3.9',
34 silly install resolved        jamjs: '>=0.2.17' },
34 silly install resolved     browser: { request: 'browser-request' },
34 silly install resolved     jam:
34 silly install resolved      { main: 'dist/spark.min.js',
34 silly install resolved        include: [Object],
34 silly install resolved        dependencies: {} },
34 silly install resolved     gitHead: '0de876991bcfc5d997b605d1532e4b1e126695c6',
34 silly install resolved     _id: 'spark@0.4.0',
34 silly install resolved     scripts: {},
34 silly install resolved     _shasum: 'fee051bcc65dd3e11f980df22d7261ef25b39204',
34 silly install resolved     _from: 'spark@*',
34 silly install resolved     _npmVersion: '1.4.28',
34 silly install resolved     _npmUser: { name: 'nexxy', email: 'emily@contactvibe.com' },
34 silly install resolved     maintainers: [ [Object], [Object] ],
34 silly install resolved     dist:
34 silly install resolved      { shasum: 'fee051bcc65dd3e11f980df22d7261ef25b39204',
34 silly install resolved        tarball: 'http://registry.npmjs.org/spark/-/spark-0.4.0.tgz' },
34 silly install resolved     directories: {},
34 silly install resolved     _resolved: 'https://registry.npmjs.org/spark/-/spark-0.4.0.tgz',
34 silly install resolved     readme: 'ERROR: No README data found!' } ]
35 info install spark@0.4.0 into /usr/local/lib
36 info installOne spark@0.4.0
37 verbose installOne of spark to /usr/local/lib not in flight; installing
38 warn locking Error: EACCES, open '/Users/alexandrecarriere/.npm/_locks/spark-6a8c5289286b09a8.lock'
38 warn locking     at Error (native)
38 warn locking  /Users/alexandrecarriere/.npm/_locks/spark-6a8c5289286b09a8.lock failed { [Error: EACCES, open '/Users/alexandrecarriere/.npm/_locks/spark-6a8c5289286b09a8.lock']
38 warn locking   errno: -13,
38 warn locking   code: 'EACCES',
38 warn locking   path: '/Users/alexandrecarriere/.npm/_locks/spark-6a8c5289286b09a8.lock' }
39 verbose stack Error: Attempt to unlock /usr/local/lib/node_modules/spark, which hasn't been locked
39 verbose stack     at unlock (/usr/local/lib/node_modules/npm/lib/utils/locker.js:66:11)
39 verbose stack     at cb (/usr/local/lib/node_modules/npm/lib/install.js:929:5)
39 verbose stack     at /usr/local/lib/node_modules/npm/lib/install.js:933:20
39 verbose stack     at /usr/local/lib/node_modules/npm/lib/utils/locker.js:40:9
39 verbose stack     at cb (/usr/local/lib/node_modules/npm/node_modules/lockfile/lockfile.js:149:38)
39 verbose stack     at /usr/local/lib/node_modules/npm/node_modules/lockfile/lockfile.js:177:38
39 verbose stack     at FSReqWrap.oncomplete (fs.js:99:15)
40 verbose cwd /Users/alexandrecarriere/Projects/Adafruit_ST7735_AS/firmware
41 error Darwin 13.4.0
42 error argv "node" "/usr/local/bin/npm" "install" "-g" "spark"
43 error node v0.12.0
44 error npm  v2.5.1
45 error Attempt to unlock /usr/local/lib/node_modules/spark, which hasn't been locked
46 error If you need help, you may report this error at:
46 error     <http://github.com/npm/npm/issues>
47 verbose exit [ 1, true ]
